execve("/usr/bin/staprun", ["staprun", "./yalas.ko", "-L"], [/* 38 vars */]) = 0
brk(0)                                  = 0x7fd2a52d1000
mmap(NULL, 4096, PROT_READ|PROT_WRITE, MAP_PRIVATE|MAP_ANONYMOUS, -1, 0) = 0x7fd2a32b0000
access("/etc/ld.so.preload", R_OK)      = -1 ENOENT (No such file or directory)
open("/opt/rh/python27/root/usr/lib64/tls/x86_64/libelf.so.1", O_RDONLY) = -1 ENOENT (No such file or directory)
stat("/opt/rh/python27/root/usr/lib64/tls/x86_64", 0x7ffdad612d10) = -1 ENOENT (No such file or directory)
open("/opt/rh/python27/root/usr/lib64/tls/libelf.so.1", O_RDONLY) = -1 ENOENT (No such file or directory)
stat("/opt/rh/python27/root/usr/lib64/tls", {st_mode=S_IFDIR|0555, st_size=4096, ...}) = 0
open("/opt/rh/python27/root/usr/lib64/x86_64/libelf.so.1", O_RDONLY) = -1 ENOENT (No such file or directory)
stat("/opt/rh/python27/root/usr/lib64/x86_64", 0x7ffdad612d10) = -1 ENOENT (No such file or directory)
open("/opt/rh/python27/root/usr/lib64/libelf.so.1", O_RDONLY) = -1 ENOENT (No such file or directory)
stat("/opt/rh/python27/root/usr/lib64", {st_mode=S_IFDIR|0555, st_size=4096, ...}) = 0
open("/opt/rh/devtoolset-4/root/usr/lib64/tls/x86_64/libelf.so.1", O_RDONLY) = -1 ENOENT (No such file or directory)
stat("/opt/rh/devtoolset-4/root/usr/lib64/tls/x86_64", 0x7ffdad612d10) = -1 ENOENT (No such file or directory)
open("/opt/rh/devtoolset-4/root/usr/lib64/tls/libelf.so.1", O_RDONLY) = -1 ENOENT (No such file or directory)
stat("/opt/rh/devtoolset-4/root/usr/lib64/tls", {st_mode=S_IFDIR|0555, st_size=4096, ...}) = 0
open("/opt/rh/devtoolset-4/root/usr/lib64/x86_64/libelf.so.1", O_RDONLY) = -1 ENOENT (No such file or directory)
stat("/opt/rh/devtoolset-4/root/usr/lib64/x86_64", 0x7ffdad612d10) = -1 ENOENT (No such file or directory)
open("/opt/rh/devtoolset-4/root/usr/lib64/libelf.so.1", O_RDONLY) = -1 ENOENT (No such file or directory)
stat("/opt/rh/devtoolset-4/root/usr/lib64", {st_mode=S_IFDIR|0555, st_size=4096, ...}) = 0
open("/opt/rh/devtoolset-4/root/usr/lib/tls/x86_64/libelf.so.1", O_RDONLY) = -1 ENOENT (No such file or directory)
stat("/opt/rh/devtoolset-4/root/usr/lib/tls/x86_64", 0x7ffdad612d10) = -1 ENOENT (No such file or directory)
open("/opt/rh/devtoolset-4/root/usr/lib/tls/libelf.so.1", O_RDONLY) = -1 ENOENT (No such file or directory)
stat("/opt/rh/devtoolset-4/root/usr/lib/tls", 0x7ffdad612d10) = -1 ENOENT (No such file or directory)
open("/opt/rh/devtoolset-4/root/usr/lib/x86_64/libelf.so.1", O_RDONLY) = -1 ENOENT (No such file or directory)
stat("/opt/rh/devtoolset-4/root/usr/lib/x86_64", 0x7ffdad612d10) = -1 ENOENT (No such file or directory)
open("/opt/rh/devtoolset-4/root/usr/lib/libelf.so.1", O_RDONLY) = -1 ENOENT (No such file or directory)
stat("/opt/rh/devtoolset-4/root/usr/lib", {st_mode=S_IFDIR|0555, st_size=4096, ...}) = 0
open("/etc/ld.so.cache", O_RDONLY)      = 3
fstat(3, {st_mode=S_IFREG|0644, st_size=30395, ...}) = 0
mmap(NULL, 30395, PROT_READ, MAP_PRIVATE, 3, 0) = 0x7fd2a32a8000
close(3)                                = 0
open("/usr/lib64/libelf.so.1", O_RDONLY) = 3
read(3, "\177ELF\2\1\1\0\0\0\0\0\0\0\0\0\3\0>\0\1\0\0\0\20*\0\0\0\0\0\0"..., 832) = 832
fstat(3, {st_mode=S_IFREG|0755, st_size=88456, ...}) = 0
mmap(NULL, 2183496, PROT_READ|PROT_EXEC, MAP_PRIVATE|MAP_DENYWRITE, 3, 0) = 0x7fd2a2e7c000
mprotect(0x7fd2a2e91000, 2093056, PROT_NONE) = 0
mmap(0x7fd2a3090000, 8192, PROT_READ|PROT_WRITE, MAP_PRIVATE|MAP_FIXED|MAP_DENYWRITE, 3, 0x14000) = 0x7fd2a3090000
close(3)                                = 0
open("/opt/rh/python27/root/usr/lib64/tls/libssl3.so", O_RDONLY) = -1 ENOENT (No such file or directory)
open("/opt/rh/python27/root/usr/lib64/libssl3.so", O_RDONLY) = -1 ENOENT (No such file or directory)
open("/opt/rh/devtoolset-4/root/usr/lib64/tls/libssl3.so", O_RDONLY) = -1 ENOENT (No such file or directory)
open("/opt/rh/devtoolset-4/root/usr/lib64/libssl3.so", O_RDONLY) = -1 ENOENT (No such file or directory)
open("/opt/rh/devtoolset-4/root/usr/lib/libssl3.so", O_RDONLY) = -1 ENOENT (No such file or directory)
open("/usr/lib64/libssl3.so", O_RDONLY) = 3
read(3, "\177ELF\2\1\1\0\0\0\0\0\0\0\0\0\3\0>\0\1\0\0\0\0\272\0\0\0\0\0\0"..., 832) = 832
fstat(3, {st_mode=S_IFREG|0755, st_size=270808, ...}) = 0
mmap(NULL, 4096, PROT_READ|PROT_WRITE, MAP_PRIVATE|MAP_ANONYMOUS, -1, 0) = 0x7fd2a32a7000
mmap(NULL, 2368432, PROT_READ|PROT_EXEC, MAP_PRIVATE|MAP_DENYWRITE, 3, 0) = 0x7fd2a2c39000
mprotect(0x7fd2a2c77000, 2097152, PROT_NONE) = 0
mmap(0x7fd2a2e77000, 16384, PROT_READ|PROT_WRITE, MAP_PRIVATE|MAP_FIXED|MAP_DENYWRITE, 3, 0x3e000) = 0x7fd2a2e77000
mmap(0x7fd2a2e7b000, 944, PROT_READ|PROT_WRITE, MAP_PRIVATE|MAP_FIXED|MAP_ANONYMOUS, -1, 0) = 0x7fd2a2e7b000
close(3)                                = 0
open("/opt/rh/python27/root/usr/lib64/tls/libsmime3.so", O_RDONLY) = -1 ENOENT (No such file or directory)
open("/opt/rh/python27/root/usr/lib64/libsmime3.so", O_RDONLY) = -1 ENOENT (No such file or directory)
open("/opt/rh/devtoolset-4/root/usr/lib64/tls/libsmime3.so", O_RDONLY) = -1 ENOENT (No such file or directory)
open("/opt/rh/devtoolset-4/root/usr/lib64/libsmime3.so", O_RDONLY) = -1 ENOENT (No such file or directory)
open("/opt/rh/devtoolset-4/root/usr/lib/libsmime3.so", O_RDONLY) = -1 ENOENT (No such file or directory)
open("/usr/lib64/libsmime3.so", O_RDONLY) = 3
read(3, "\177ELF\2\1\1\0\0\0\0\0\0\0\0\0\3\0>\0\1\0\0\0`\236\0\0\0\0\0\0"..., 832) = 832
fstat(3, {st_mode=S_IFREG|0755, st_size=185272, ...}) = 0
mmap(NULL, 2280576, PROT_READ|PROT_EXEC, MAP_PRIVATE|MAP_DENYWRITE, 3, 0) = 0x7fd2a2a0c000
mprotect(0x7fd2a2a34000, 2093056, PROT_NONE) = 0
mmap(0x7fd2a2c33000, 24576, PROT_READ|PROT_WRITE, MAP_PRIVATE|MAP_FIXED|MAP_DENYWRITE, 3, 0x27000) = 0x7fd2a2c33000
close(3)                                = 0
open("/opt/rh/python27/root/usr/lib64/tls/libnss3.so", O_RDONLY) = -1 ENOENT (No such file or directory)
open("/opt/rh/python27/root/usr/lib64/libnss3.so", O_RDONLY) = -1 ENOENT (No such file or directory)
open("/opt/rh/devtoolset-4/root/usr/lib64/tls/libnss3.so", O_RDONLY) = -1 ENOENT (No such file or directory)
open("/opt/rh/devtoolset-4/root/usr/lib64/libnss3.so", O_RDONLY) = -1 ENOENT (No such file or directory)
open("/opt/rh/devtoolset-4/root/usr/lib/libnss3.so", O_RDONLY) = -1 ENOENT (No such file or directory)
open("/usr/lib64/libnss3.so", O_RDONLY) = 3
read(3, "\177ELF\2\1\1\0\0\0\0\0\0\0\0\0\3\0>\0\1\0\0\0p\240\1\0\0\0\0\0"..., 832) = 832
fstat(3, {st_mode=S_IFREG|0755, st_size=1304208, ...}) = 0
mmap(NULL, 3405288, PROT_READ|PROT_EXEC, MAP_PRIVATE|MAP_DENYWRITE, 3, 0) = 0x7fd2a26cc000
mprotect(0x7fd2a2803000, 2097152, PROT_NONE) = 0
mmap(0x7fd2a2a03000, 28672, PROT_READ|PROT_WRITE, MAP_PRIVATE|MAP_FIXED|MAP_DENYWRITE, 3, 0x137000) = 0x7fd2a2a03000
mmap(0x7fd2a2a0a000, 5608, PROT_READ|PROT_WRITE, MAP_PRIVATE|MAP_FIXED|MAP_ANONYMOUS, -1, 0) = 0x7fd2a2a0a000
close(3)                                = 0
open("/opt/rh/python27/root/usr/lib64/tls/libnssutil3.so", O_RDONLY) = -1 ENOENT (No such file or directory)
open("/opt/rh/python27/root/usr/lib64/libnssutil3.so", O_RDONLY) = -1 ENOENT (No such file or directory)
open("/opt/rh/devtoolset-4/root/usr/lib64/tls/libnssutil3.so", O_RDONLY) = -1 ENOENT (No such file or directory)
open("/opt/rh/devtoolset-4/root/usr/lib64/libnssutil3.so", O_RDONLY) = -1 ENOENT (No such file or directory)
open("/opt/rh/devtoolset-4/root/usr/lib/libnssutil3.so", O_RDONLY) = -1 ENOENT (No such file or directory)
open("/usr/lib64/libnssutil3.so", O_RDONLY) = 3
read(3, "\177ELF\2\1\1\0\0\0\0\0\0\0\0\0\3\0>\0\1\0\0\0@\276\0\0\0\0\0\0"..., 832) = 832
fstat(3, {st_mode=S_IFREG|0755, st_size=179408, ...}) = 0
mmap(NULL, 4096, PROT_READ|PROT_WRITE, MAP_PRIVATE|MAP_ANONYMOUS, -1, 0) = 0x7fd2a32a6000
mmap(NULL, 2275920, PROT_READ|PROT_EXEC, MAP_PRIVATE|MAP_DENYWRITE, 3, 0) = 0x7fd2a24a0000
mprotect(0x7fd2a24c6000, 2093056, PROT_NONE) = 0
mmap(0x7fd2a26c5000, 28672, PROT_READ|PROT_WRITE, MAP_PRIVATE|MAP_FIXED|MAP_DENYWRITE, 3, 0x25000) = 0x7fd2a26c5000
close(3)                                = 0
open("/opt/rh/python27/root/usr/lib64/tls/libplds4.so", O_RDONLY) = -1 ENOENT (No such file or directory)
open("/opt/rh/python27/root/usr/lib64/libplds4.so", O_RDONLY) = -1 ENOENT (No such file or directory)
open("/opt/rh/devtoolset-4/root/usr/lib64/tls/libplds4.so", O_RDONLY) = -1 ENOENT (No such file or directory)
open("/opt/rh/devtoolset-4/root/usr/lib64/libplds4.so", O_RDONLY) = -1 ENOENT (No such file or directory)
open("/opt/rh/devtoolset-4/root/usr/lib/libplds4.so", O_RDONLY) = -1 ENOENT (No such file or directory)
open("/lib64/libplds4.so", O_RDONLY)    = 3
read(3, "\177ELF\2\1\1\0\0\0\0\0\0\0\0\0\3\0>\0\1\0\0\0\20\17\0\0\0\0\0\0"..., 832) = 832
fstat(3, {st_mode=S_IFREG|0755, st_size=14560, ...}) = 0
mmap(NULL, 2109776, PROT_READ|PROT_EXEC, MAP_PRIVATE|MAP_DENYWRITE, 3, 0) = 0x7fd2a229c000
mprotect(0x7fd2a229f000, 2093056, PROT_NONE) = 0
mmap(0x7fd2a249e000, 8192, PROT_READ|PROT_WRITE, MAP_PRIVATE|MAP_FIXED|MAP_DENYWRITE, 3, 0x2000) = 0x7fd2a249e000
close(3)                                = 0
open("/opt/rh/python27/root/usr/lib64/tls/libplc4.so", O_RDONLY) = -1 ENOENT (No such file or directory)
open("/opt/rh/python27/root/usr/lib64/libplc4.so", O_RDONLY) = -1 ENOENT (No such file or directory)
open("/opt/rh/devtoolset-4/root/usr/lib64/tls/libplc4.so", O_RDONLY) = -1 ENOENT (No such file or directory)
open("/opt/rh/devtoolset-4/root/usr/lib64/libplc4.so", O_RDONLY) = -1 ENOENT (No such file or directory)
open("/opt/rh/devtoolset-4/root/usr/lib/libplc4.so", O_RDONLY) = -1 ENOENT (No such file or directory)
open("/lib64/libplc4.so", O_RDONLY)     = 3
read(3, "\177ELF\2\1\1\0\0\0\0\0\0\0\0\0\3\0>\0\1\0\0\0\20\24\0\0\0\0\0\0"..., 832) = 832
fstat(3, {st_mode=S_IFREG|0755, st_size=18720, ...}) = 0
mmap(NULL, 2113912, PROT_READ|PROT_EXEC, MAP_PRIVATE|MAP_DENYWRITE, 3, 0) = 0x7fd2a2097000
mprotect(0x7fd2a209b000, 2093056, PROT_NONE) = 0
mmap(0x7fd2a229a000, 8192, PROT_READ|PROT_WRITE, MAP_PRIVATE|MAP_FIXED|MAP_DENYWRITE, 3, 0x3000) = 0x7fd2a229a000
close(3)                                = 0
open("/opt/rh/python27/root/usr/lib64/tls/libnspr4.so", O_RDONLY) = -1 ENOENT (No such file or directory)
open("/opt/rh/python27/root/usr/lib64/libnspr4.so", O_RDONLY) = -1 ENOENT (No such file or directory)
open("/opt/rh/devtoolset-4/root/usr/lib64/tls/libnspr4.so", O_RDONLY) = -1 ENOENT (No such file or directory)
open("/opt/rh/devtoolset-4/root/usr/lib64/libnspr4.so", O_RDONLY) = -1 ENOENT (No such file or directory)
open("/opt/rh/devtoolset-4/root/usr/lib/libnspr4.so", O_RDONLY) = -1 ENOENT (No such file or directory)
open("/lib64/libnspr4.so", O_RDONLY)    = 3
read(3, "\177ELF\2\1\1\0\0\0\0\0\0\0\0\0\3\0>\0\1\0\0\0 \320\0\0\0\0\0\0"..., 832) = 832
fstat(3, {st_mode=S_IFREG|0755, st_size=244624, ...}) = 0
mmap(NULL, 4096, PROT_READ|PROT_WRITE, MAP_PRIVATE|MAP_ANONYMOUS, -1, 0) = 0x7fd2a32a5000
mmap(NULL, 2350304, PROT_READ|PROT_EXEC, MAP_PRIVATE|MAP_DENYWRITE, 3, 0) = 0x7fd2a1e59000
mprotect(0x7fd2a1e92000, 2097152, PROT_NONE) = 0
mmap(0x7fd2a2092000, 12288, PROT_READ|PROT_WRITE, MAP_PRIVATE|MAP_FIXED|MAP_DENYWRITE, 3, 0x39000) = 0x7fd2a2092000
mmap(0x7fd2a2095000, 7392, PROT_READ|PROT_WRITE, MAP_PRIVATE|MAP_FIXED|MAP_ANONYMOUS, -1, 0) = 0x7fd2a2095000
close(3)                                = 0
open("/opt/rh/python27/root/usr/lib64/tls/libpthread.so.0", O_RDONLY) = -1 ENOENT (No such file or directory)
open("/opt/rh/python27/root/usr/lib64/libpthread.so.0", O_RDONLY) = -1 ENOENT (No such file or directory)
open("/opt/rh/devtoolset-4/root/usr/lib64/tls/libpthread.so.0", O_RDONLY) = -1 ENOENT (No such file or directory)
open("/opt/rh/devtoolset-4/root/usr/lib64/libpthread.so.0", O_RDONLY) = -1 ENOENT (No such file or directory)
open("/opt/rh/devtoolset-4/root/usr/lib/libpthread.so.0", O_RDONLY) = -1 ENOENT (No such file or directory)
open("/lib64/libpthread.so.0", O_RDONLY) = 3
read(3, "\177ELF\2\1\1\0\0\0\0\0\0\0\0\0\3\0>\0\1\0\0\0000^\0\0\0\0\0\0"..., 832) = 832
fstat(3, {st_mode=S_IFREG|0755, st_size=142688, ...}) = 0
mmap(NULL, 2212848, PROT_READ|PROT_EXEC, MAP_PRIVATE|MAP_DENYWRITE, 3, 0) = 0x7fd2a1c3c000
mprotect(0x7fd2a1c53000, 2097152, PROT_NONE) = 0
mmap(0x7fd2a1e53000, 8192, PROT_READ|PROT_WRITE, MAP_PRIVATE|MAP_FIXED|MAP_DENYWRITE, 3, 0x17000) = 0x7fd2a1e53000
mmap(0x7fd2a1e55000, 13296, PROT_READ|PROT_WRITE, MAP_PRIVATE|MAP_FIXED|MAP_ANONYMOUS, -1, 0) = 0x7fd2a1e55000
close(3)                                = 0
open("/opt/rh/python27/root/usr/lib64/tls/libdl.so.2", O_RDONLY) = -1 ENOENT (No such file or directory)
open("/opt/rh/python27/root/usr/lib64/libdl.so.2", O_RDONLY) = -1 ENOENT (No such file or directory)
open("/opt/rh/devtoolset-4/root/usr/lib64/tls/libdl.so.2", O_RDONLY) = -1 ENOENT (No such file or directory)
open("/opt/rh/devtoolset-4/root/usr/lib64/libdl.so.2", O_RDONLY) = -1 ENOENT (No such file or directory)
open("/opt/rh/devtoolset-4/root/usr/lib/libdl.so.2", O_RDONLY) = -1 ENOENT (No such file or directory)
open("/lib64/libdl.so.2", O_RDONLY)     = 3
read(3, "\177ELF\2\1\1\0\0\0\0\0\0\0\0\0\3\0>\0\1\0\0\0\340\r\0\0\0\0\0\0"..., 832) = 832
fstat(3, {st_mode=S_IFREG|0755, st_size=19536, ...}) = 0
mmap(NULL, 2109696, PROT_READ|PROT_EXEC, MAP_PRIVATE|MAP_DENYWRITE, 3, 0) = 0x7fd2a1a38000
mprotect(0x7fd2a1a3a000, 2097152, PROT_NONE) = 0
mmap(0x7fd2a1c3a000, 8192, PROT_READ|PROT_WRITE, MAP_PRIVATE|MAP_FIXED|MAP_DENYWRITE, 3, 0x2000) = 0x7fd2a1c3a000
close(3)                                = 0
open("/opt/rh/python27/root/usr/lib64/tls/libstdc++.so.6", O_RDONLY) = -1 ENOENT (No such file or directory)
open("/opt/rh/python27/root/usr/lib64/libstdc++.so.6", O_RDONLY) = -1 ENOENT (No such file or directory)
open("/opt/rh/devtoolset-4/root/usr/lib64/tls/libstdc++.so.6", O_RDONLY) = -1 ENOENT (No such file or directory)
open("/opt/rh/devtoolset-4/root/usr/lib64/libstdc++.so.6", O_RDONLY) = -1 ENOENT (No such file or directory)
open("/opt/rh/devtoolset-4/root/usr/lib/libstdc++.so.6", O_RDONLY) = -1 ENOENT (No such file or directory)
open("/usr/lib64/libstdc++.so.6", O_RDONLY) = 3
read(3, "\177ELF\2\1\1\0\0\0\0\0\0\0\0\0\3\0>\0\1\0\0\0\360c\5\0\0\0\0\0"..., 832) = 832
fstat(3, {st_mode=S_IFREG|0755, st_size=987096, ...}) = 0
mmap(NULL, 4096, PROT_READ|PROT_WRITE, MAP_PRIVATE|MAP_ANONYMOUS, -1, 0) = 0x7fd2a32a4000
mmap(NULL, 3166648, PROT_READ|PROT_EXEC, MAP_PRIVATE|MAP_DENYWRITE, 3, 0) = 0x7fd2a1732000
mprotect(0x7fd2a181a000, 2097152, PROT_NONE) = 0
mmap(0x7fd2a1a1a000, 36864, PROT_READ|PROT_WRITE, MAP_PRIVATE|MAP_FIXED|MAP_DENYWRITE, 3, 0xe8000) = 0x7fd2a1a1a000
mmap(0x7fd2a1a23000, 82360, PROT_READ|PROT_WRITE, MAP_PRIVATE|MAP_FIXED|MAP_ANONYMOUS, -1, 0) = 0x7fd2a1a23000
close(3)                                = 0
open("/opt/rh/python27/root/usr/lib64/tls/libm.so.6", O_RDONLY) = -1 ENOENT (No such file or directory)
open("/opt/rh/python27/root/usr/lib64/libm.so.6", O_RDONLY) = -1 ENOENT (No such file or directory)
open("/opt/rh/devtoolset-4/root/usr/lib64/tls/libm.so.6", O_RDONLY) = -1 ENOENT (No such file or directory)
open("/opt/rh/devtoolset-4/root/usr/lib64/libm.so.6", O_RDONLY) = -1 ENOENT (No such file or directory)
open("/opt/rh/devtoolset-4/root/usr/lib/libm.so.6", O_RDONLY) = -1 ENOENT (No such file or directory)
open("/lib64/libm.so.6", O_RDONLY)      = 3
read(3, "\177ELF\2\1\1\3\0\0\0\0\0\0\0\0\3\0>\0\1\0\0\0p>\0\0\0\0\0\0"..., 832) = 832
fstat(3, {st_mode=S_IFREG|0755, st_size=596360, ...}) = 0
mmap(NULL, 2633912, PROT_READ|PROT_EXEC, MAP_PRIVATE|MAP_DENYWRITE, 3, 0) = 0x7fd2a14ae000
mprotect(0x7fd2a1531000, 2093056, PROT_NONE) = 0
mmap(0x7fd2a1730000, 8192, PROT_READ|PROT_WRITE, MAP_PRIVATE|MAP_FIXED|MAP_DENYWRITE, 3, 0x82000) = 0x7fd2a1730000
close(3)                                = 0
open("/opt/rh/python27/root/usr/lib64/tls/libgcc_s.so.1", O_RDONLY) = -1 ENOENT (No such file or directory)
open("/opt/rh/python27/root/usr/lib64/libgcc_s.so.1", O_RDONLY) = -1 ENOENT (No such file or directory)
open("/opt/rh/devtoolset-4/root/usr/lib64/tls/libgcc_s.so.1", O_RDONLY) = -1 ENOENT (No such file or directory)
open("/opt/rh/devtoolset-4/root/usr/lib64/libgcc_s.so.1", O_RDONLY) = -1 ENOENT (No such file or directory)
open("/opt/rh/devtoolset-4/root/usr/lib/libgcc_s.so.1", O_RDONLY) = -1 ENOENT (No such file or directory)
open("/lib64/libgcc_s.so.1", O_RDONLY)  = 3
read(3, "\177ELF\2\1\1\0\0\0\0\0\0\0\0\0\3\0>\0\1\0\0\0\20)\0\0\0\0\0\0"..., 832) = 832
fstat(3, {st_mode=S_IFREG|0755, st_size=90880, ...}) = 0
mmap(NULL, 2186584, PROT_READ|PROT_EXEC, MAP_PRIVATE|MAP_DENYWRITE, 3, 0) = 0x7fd2a1298000
mprotect(0x7fd2a12ae000, 2093056, PROT_NONE) = 0
mmap(0x7fd2a14ad000, 4096, PROT_READ|PROT_WRITE, MAP_PRIVATE|MAP_FIXED|MAP_DENYWRITE, 3, 0x15000) = 0x7fd2a14ad000
close(3)                                = 0
open("/opt/rh/python27/root/usr/lib64/tls/libc.so.6", O_RDONLY) = -1 ENOENT (No such file or directory)
open("/opt/rh/python27/root/usr/lib64/libc.so.6", O_RDONLY) = -1 ENOENT (No such file or directory)
open("/opt/rh/devtoolset-4/root/usr/lib64/tls/libc.so.6", O_RDONLY) = -1 ENOENT (No such file or directory)
open("/opt/rh/devtoolset-4/root/usr/lib64/libc.so.6", O_RDONLY) = -1 ENOENT (No such file or directory)
open("/opt/rh/devtoolset-4/root/usr/lib/libc.so.6", O_RDONLY) = -1 ENOENT (No such file or directory)
open("/lib64/libc.so.6", O_RDONLY)      = 3
read(3, "\177ELF\2\1\1\3\0\0\0\0\0\0\0\0\3\0>\0\1\0\0\0000\356\1\0\0\0\0\0"..., 832) = 832
fstat(3, {st_mode=S_IFREG|0755, st_size=1923352, ...}) = 0
mmap(NULL, 4096, PROT_READ|PROT_WRITE, MAP_PRIVATE|MAP_ANONYMOUS, -1, 0) = 0x7fd2a32a3000
mmap(NULL, 3750184, PROT_READ|PROT_EXEC, MAP_PRIVATE|MAP_DENYWRITE, 3, 0) = 0x7fd2a0f04000
mprotect(0x7fd2a108e000, 2097152, PROT_NONE) = 0
mmap(0x7fd2a128e000, 24576, PROT_READ|PROT_WRITE, MAP_PRIVATE|MAP_FIXED|MAP_DENYWRITE, 3, 0x18a000) = 0x7fd2a128e000
mmap(0x7fd2a1294000, 14632, PROT_READ|PROT_WRITE, MAP_PRIVATE|MAP_FIXED|MAP_ANONYMOUS, -1, 0) = 0x7fd2a1294000
close(3)                                = 0
open("/opt/rh/python27/root/usr/lib64/tls/libz.so.1", O_RDONLY) = -1 ENOENT (No such file or directory)
open("/opt/rh/python27/root/usr/lib64/libz.so.1", O_RDONLY) = -1 ENOENT (No such file or directory)
open("/opt/rh/devtoolset-4/root/usr/lib64/tls/libz.so.1", O_RDONLY) = -1 ENOENT (No such file or directory)
open("/opt/rh/devtoolset-4/root/usr/lib64/libz.so.1", O_RDONLY) = -1 ENOENT (No such file or directory)
open("/opt/rh/devtoolset-4/root/usr/lib/libz.so.1", O_RDONLY) = -1 ENOENT (No such file or directory)
open("/lib64/libz.so.1", O_RDONLY)      = 3
read(3, "\177ELF\2\1\1\0\0\0\0\0\0\0\0\0\3\0>\0\1\0\0\0 !\0\0\0\0\0\0"..., 832) = 832
fstat(3, {st_mode=S_IFREG|0755, st_size=88600, ...}) = 0
mmap(NULL, 2183696, PROT_READ|PROT_EXEC, MAP_PRIVATE|MAP_DENYWRITE, 3, 0) = 0x7fd2a0cee000
mprotect(0x7fd2a0d03000, 2093056, PROT_NONE) = 0
mmap(0x7fd2a0f02000, 8192, PROT_READ|PROT_WRITE, MAP_PRIVATE|MAP_FIXED|MAP_DENYWRITE, 3, 0x14000) = 0x7fd2a0f02000
close(3)                                = 0
open("/opt/rh/python27/root/usr/lib64/tls/librt.so.1", O_RDONLY) = -1 ENOENT (No such file or directory)
open("/opt/rh/python27/root/usr/lib64/librt.so.1", O_RDONLY) = -1 ENOENT (No such file or directory)
open("/opt/rh/devtoolset-4/root/usr/lib64/tls/librt.so.1", O_RDONLY) = -1 ENOENT (No such file or directory)
open("/opt/rh/devtoolset-4/root/usr/lib64/librt.so.1", O_RDONLY) = -1 ENOENT (No such file or directory)
open("/opt/rh/devtoolset-4/root/usr/lib/librt.so.1", O_RDONLY) = -1 ENOENT (No such file or directory)
open("/lib64/librt.so.1", O_RDONLY)     = 3
read(3, "\177ELF\2\1\1\0\0\0\0\0\0\0\0\0\3\0>\0\1\0\0\0\240!\0\0\0\0\0\0"..., 832) = 832
fstat(3, {st_mode=S_IFREG|0755, st_size=43944, ...}) = 0
mmap(NULL, 4096, PROT_READ|PROT_WRITE, MAP_PRIVATE|MAP_ANONYMOUS, -1, 0) = 0x7fd2a32a2000
mmap(NULL, 2128816, PROT_READ|PROT_EXEC, MAP_PRIVATE|MAP_DENYWRITE, 3, 0) = 0x7fd2a0ae6000
mprotect(0x7fd2a0aed000, 2093056, PROT_NONE) = 0
mmap(0x7fd2a0cec000, 8192, PROT_READ|PROT_WRITE, MAP_PRIVATE|MAP_FIXED|MAP_DENYWRITE, 3, 0x6000) = 0x7fd2a0cec000
close(3)                                = 0
mmap(NULL, 4096, PROT_READ|PROT_WRITE, MAP_PRIVATE|MAP_ANONYMOUS, -1, 0) = 0x7fd2a32a1000
mmap(NULL, 4096, PROT_READ|PROT_WRITE, MAP_PRIVATE|MAP_ANONYMOUS, -1, 0) = 0x7fd2a32a0000
mmap(NULL, 8192, PROT_READ|PROT_WRITE, MAP_PRIVATE|MAP_ANONYMOUS, -1, 0) = 0x7fd2a329e000
arch_prctl(ARCH_SET_FS, 0x7fd2a329e720) = 0
mprotect(0x7fd2a0cec000, 4096, PROT_READ) = 0
mprotect(0x7fd2a0f02000, 4096, PROT_READ) = 0
mprotect(0x7fd2a128e000, 16384, PROT_READ) = 0
mprotect(0x7fd2a1730000, 4096, PROT_READ) = 0
mmap(NULL, 4096, PROT_READ|PROT_WRITE, MAP_PRIVATE|MAP_ANONYMOUS, -1, 0) = 0x7fd2a329d000
mprotect(0x7fd2a1a1a000, 28672, PROT_READ) = 0
mprotect(0x7fd2a1c3a000, 4096, PROT_READ) = 0
mprotect(0x7fd2a1e53000, 4096, PROT_READ) = 0
mprotect(0x7fd2a2092000, 4096, PROT_READ) = 0
mprotect(0x7fd2a229a000, 4096, PROT_READ) = 0
mprotect(0x7fd2a249e000, 4096, PROT_READ) = 0
mprotect(0x7fd2a26c5000, 24576, PROT_READ) = 0
mprotect(0x7fd2a2a03000, 20480, PROT_READ) = 0
mprotect(0x7fd2a2c33000, 20480, PROT_READ) = 0
mprotect(0x7fd2a2e77000, 12288, PROT_READ) = 0
mprotect(0x7fd2a3090000, 4096, PROT_READ) = 0
mprotect(0x7fd2a34df000, 4096, PROT_READ) = 0
mprotect(0x7fd2a32b1000, 4096, PROT_READ) = 0
munmap(0x7fd2a32a8000, 30395)           = 0
set_tid_address(0x7fd2a329e9f0)         = 1888
set_robust_list(0x7fd2a329ea00, 24)     = 0
futex(0x7ffdad61360c, FUTEX_WAKE_PRIVATE, 1) = 0
futex(0x7ffdad61360c, FUTEX_WAIT_BITSET_PRIVATE|FUTEX_CLOCK_REALTIME, 1, NULL, 7fd2a329e720) = -1 EAGAIN (Resource temporarily unavailable)
rt_sigaction(SIGRTMIN, {0x7fd2a1c41cb0, [], SA_RESTORER|SA_SIGINFO, 0x7fd2a1c4b7e0}, NULL, 8) = 0
rt_sigaction(SIGRT_1, {0x7fd2a1c41d40, [], SA_RESTORER|SA_RESTART|SA_SIGINFO, 0x7fd2a1c4b7e0}, NULL, 8) = 0
rt_sigprocmask(SIG_UNBLOCK, [RTMIN RT_1], NULL, 8) = 0
getrlimit(RLIMIT_STACK, {rlim_cur=10240*1024, rlim_max=RLIM64_INFINITY}) = 0
futex(0x7fd2a1a23d08, FUTEX_WAKE_PRIVATE, 2147483647) = 0
getuid()                                = 0
geteuid()                               = 0
rt_sigprocmask(SIG_SETMASK, ~[RTMIN RT_1], NULL, 8) = 0
rt_sigaction(SIGPIPE, {SIG_IGN, ~[RTMIN RT_1], SA_RESTORER, 0x7fd2a1c4b7e0}, NULL, 8) = 0
rt_sigaction(SIGUSR2, {SIG_IGN, ~[RTMIN RT_1], SA_RESTORER, 0x7fd2a1c4b7e0}, NULL, 8) = 0
rt_sigaction(SIGBUS, {0x7fd2a32c1320, ~[RTMIN RT_1], SA_RESTORER, 0x7fd2a1c4b7e0}, NULL, 8) = 0
rt_sigaction(SIGFPE, {0x7fd2a32c1320, ~[RTMIN RT_1], SA_RESTORER, 0x7fd2a1c4b7e0}, NULL, 8) = 0
rt_sigaction(SIGILL, {0x7fd2a32c1320, ~[RTMIN RT_1], SA_RESTORER, 0x7fd2a1c4b7e0}, NULL, 8) = 0
rt_sigaction(SIGSEGV, {0x7fd2a32c1320, ~[RTMIN RT_1], SA_RESTORER, 0x7fd2a1c4b7e0}, NULL, 8) = 0
rt_sigaction(SIGXCPU, {0x7fd2a32c1320, ~[RTMIN RT_1], SA_RESTORER, 0x7fd2a1c4b7e0}, NULL, 8) = 0
rt_sigaction(SIGXFSZ, {0x7fd2a32c1320, ~[RTMIN RT_1], SA_RESTORER, 0x7fd2a1c4b7e0}, NULL, 8) = 0
rt_sigprocmask(SIG_SETMASK, [], NULL, 8) = 0
rt_sigprocmask(SIG_SETMASK, ~[RTMIN RT_1], NULL, 8) = 0
rt_sigaction(SIGHUP, {0x7fd2a32bcff0, ~[RTMIN RT_1], SA_RESTORER, 0x7fd2a1c4b7e0}, NULL, 8) = 0
rt_sigaction(SIGINT, {0x7fd2a32bcff0, ~[RTMIN RT_1], SA_RESTORER, 0x7fd2a1c4b7e0}, NULL, 8) = 0
rt_sigaction(SIGTERM, {0x7fd2a32bcff0, ~[RTMIN RT_1], SA_RESTORER, 0x7fd2a1c4b7e0}, NULL, 8) = 0
rt_sigaction(SIGQUIT, {0x7fd2a32bcff0, ~[RTMIN RT_1], SA_RESTORER, 0x7fd2a1c4b7e0}, NULL, 8) = 0
rt_sigprocmask(SIG_SETMASK, [], NULL, 8) = 0
ioctl(2, SNDCTL_TMR_TIMEBASE or SNDRV_TIMER_IOCTL_NEXT_DEVICE or TCGETS, {B9600 opost isig icanon echo ...}) = 0
brk(0)                                  = 0x7fd2a52d1000
brk(0x7fd2a52f2000)                     = 0x7fd2a52f2000
geteuid()                               = 0
statfs("/sys/kernel/debug", {f_type="SYSFS_MAGIC", f_bsize=4096, f_blocks=0, f_bfree=0, f_bavail=0, f_files=0, f_ffree=0, f_fsid={0, 0}, f_namelen=255, f_frsize=4096}) = 0
stat("/sys/kernel/debug", {st_mode=S_IFDIR|0755, st_size=0, ...}) = 0
mount("debugfs", "/sys/kernel/debug", "debugfs", 0, NULL) = 0
open("/proc/sys/debug/kprobes-optimization", O_RDONLY) = 3
read(3, "1", 1)                         = 1
close(3)                                = 0
open("/proc/sys/debug/kprobes-optimization", O_WRONLY) = 3
write(3, "0", 1)                        = 1
close(3)                                = 0
open("/proc/sys/crypto/fips_enabled", O_RDONLY) = 3
read(3, "0", 1)                         = 1
close(3)                                = 0
getcwd("/home/arkady/yalasgh", 4096)    = 21
lstat("/home/arkady/yalasgh/yalas.ko", {st_mode=S_IFREG|0664, st_size=490303, ...}) = 0
open("/home/arkady/yalasgh/yalas.ko", O_RDONLY) = 3
fstat(3, {st_mode=S_IFREG|0664, st_size=490303, ...}) = 0
mmap(NULL, 491520, PROT_READ|PROT_WRITE, MAP_PRIVATE|MAP_ANONYMOUS, -1, 0) = 0x7fd2a3225000
read(3, "\177ELF\2\1\1\0\0\0\0\0\0\0\0\0\1\0>\0\1\0\0\0\0\0\0\0\0\0\0\0"..., 490303) = 490303
futex(0x7fd2a1c3b0ec, FUTEX_WAKE_PRIVATE, 2147483647) = 0
gettid()                                = 1888
rt_sigaction(SIGPIPE, {SIG_IGN, [], SA_RESTORER, 0x7fd2a1c4b7e0}, NULL, 8) = 0
stat("/home/arkady/yalasgh/yalas.ko.sgn", 0x7ffdad611110) = -1 ENOENT (No such file or directory)
getuid()                                = 0
init_module(0x7fd2a3225010, 490303, "_stp_bufsize=0") = 0
munmap(0x7fd2a3225000, 491520)          = 0
close(3)                                = 0
statfs("/sys/kernel/debug", {f_type=0x64626720, f_bsize=4096, f_blocks=0, f_bfree=0, f_bavail=0, f_files=0, f_ffree=0, f_fsid={0, 0}, f_namelen=255, f_frsize=4096}) = 0
open("/sys/kernel/debug/systemtap/yalas", O_RDONLY|O_DIRECTORY) = 3
open("/sys/kernel/debug/systemtap/yalas/.cmd", O_RDWR) = 4
faccessat(3, ".cmd", R_OK|W_OK)         = 0
fcntl(4, F_GETFD)                       = 0
fcntl(4, F_SETFD, FD_CLOEXEC)           = 0
write(4, "\17\0\0\0\16\0\0\0", 8)       = 8
